<?xml version="1.0" encoding="UTF-8"?>
<testsuite xmlns:xsi="http://www.w3.org/2001/XMLSchema-instance" xsi:noNamespaceSchemaLocation="https://maven.apache.org/surefire/maven-surefire-plugin/xsd/surefire-test-report-3.0.xsd" version="3.0" name="vgu.pe2026.ttt.basic.Board2DTest" time="0.025" tests="10" errors="0" skipped="0" failures="0">
  <properties>
[...]
</properties>
  <testcase name="intialBoardTest" classname="vgu.pe2026.ttt.basic.Board2DTest" time="0.01"/>
  <testcase name="checkIsNotFree" classname="vgu.pe2026.ttt.basic.Board2DTest" time="0.0"/>
  <testcase name="isFullBoard1DTest" classname="vgu.pe2026.ttt.basic.Board2DTest" time="0.0"/>
  <testcase name="isNotFullBoard1DTest" classname="vgu.pe2026.ttt.basic.Board2DTest" time="0.001"/>
  <testcase name="checkMoveUpdateCell" classname="vgu.pe2026.ttt.basic.Board2DTest" time="0.0"/>
  <testcase name="checkInvalidDisplay" classname="vgu.pe2026.ttt.basic.Board2DTest" time="0.001"/>
  <testcase name="checkIsFree" classname="vgu.pe2026.ttt.basic.Board2DTest" time="0.001"/>
  <testcase name="checkWinTest" classname="vgu.pe2026.ttt.basic.Board2DTest" time="0.0"/>
  <testcase name="checkNotWinTest" classname="vgu.pe2026.ttt.basic.Board2DTest" time="0.0"/>
  <testcase name="checkDisplay" classname="vgu.pe2026.ttt.basic.Board2DTest" time="0.001"/>
</testsuite>